Determining if the pthread_create exist failed with the following output:
Change Dir: /home/vaibhav/CppND-Route-Planning-Project/Debug/CMakeFiles/CMakeTmp

Run Build Command:"/usr/bin/make" "cmTC_d19fc/fast"
/usr/bin/make -f CMakeFiles/cmTC_d19fc.dir/build.make CMakeFiles/cmTC_d19fc.dir/build
make[1]: Entering directory '/home/vaibhav/CppND-Route-Planning-Project/Debug/CMakeFiles/CMakeTmp'
Building C object CMakeFiles/cmTC_d19fc.dir/CheckSymbolExists.c.o
/usr/bin/cc    -o CMakeFiles/cmTC_d19fc.dir/CheckSymbolExists.c.o   -c /home/vaibhav/CppND-Route-Planning-Project/Debug/CMakeFiles/CMakeTmp/CheckSymbolExists.c
Linking C executable cmTC_d19fc
/usr/local/bin/cmake -E cmake_link_script CMakeFiles/cmTC_d19fc.dir/link.txt --verbose=1
/usr/bin/cc      -rdynamic CMakeFiles/cmTC_d19fc.dir/CheckSymbolExists.c.o  -o cmTC_d19fc 
CMakeFiles/cmTC_d19fc.dir/CheckSymbolExists.c.o: In function `main':
CheckSymbolExists.c:(.text+0x16): undefined reference to `pthread_create'
collect2: error: ld returned 1 exit status
CMakeFiles/cmTC_d19fc.dir/build.make:86: recipe for target 'cmTC_d19fc' failed
make[1]: *** [cmTC_d19fc] Error 1
make[1]: Leaving directory '/home/vaibhav/CppND-Route-Planning-Project/Debug/CMakeFiles/CMakeTmp'
Makefile:121: recipe for target 'cmTC_d19fc/fast' failed
make: *** [cmTC_d19fc/fast] Error 2

File /home/vaibhav/CppND-Route-Planning-Project/Debug/CMakeFiles/CMakeTmp/CheckSymbolExists.c:
/* */
#include <pthread.h>

int main(int argc, char** argv)
{
  (void)argv;
#ifndef pthread_create
  return ((int*)(&pthread_create))[argc];
#else
  (void)argc;
  return 0;
#endif
}

Determining if the function pthread_create exists in the pthreads failed with the following output:
Change Dir: /home/vaibhav/CppND-Route-Planning-Project/Debug/CMakeFiles/CMakeTmp

Run Build Command:"/usr/bin/make" "cmTC_2dbe3/fast"
/usr/bin/make -f CMakeFiles/cmTC_2dbe3.dir/build.make CMakeFiles/cmTC_2dbe3.dir/build
make[1]: Entering directory '/home/vaibhav/CppND-Route-Planning-Project/Debug/CMakeFiles/CMakeTmp'
Building C object CMakeFiles/cmTC_2dbe3.dir/CheckFunctionExists.c.o
/usr/bin/cc   -DCHECK_FUNCTION_EXISTS=pthread_create   -o CMakeFiles/cmTC_2dbe3.dir/CheckFunctionExists.c.o   -c /usr/local/share/cmake-3.13/Modules/CheckFunctionExists.c
Linking C executable cmTC_2dbe3
/usr/local/bin/cmake -E cmake_link_script CMakeFiles/cmTC_2dbe3.dir/link.txt --verbose=1
/usr/bin/cc  -DCHECK_FUNCTION_EXISTS=pthread_create    -rdynamic CMakeFiles/cmTC_2dbe3.dir/CheckFunctionExists.c.o  -o cmTC_2dbe3 -lpthreads 
/usr/bin/ld: cannot find -lpthreads
collect2: error: ld returned 1 exit status
CMakeFiles/cmTC_2dbe3.dir/build.make:86: recipe for target 'cmTC_2dbe3' failed
make[1]: *** [cmTC_2dbe3] Error 1
make[1]: Leaving directory '/home/vaibhav/CppND-Route-Planning-Project/Debug/CMakeFiles/CMakeTmp'
Makefile:121: recipe for target 'cmTC_2dbe3/fast' failed
make: *** [cmTC_2dbe3/fast] Error 2


