Determining if the pthread_create exist failed with the following output:
Change Dir: /home/vaibhav/CppND-Route-Planning-Project/Release/CMakeFiles/CMakeTmp

Run Build Command:"/usr/bin/make" "cmTC_0a43b/fast"
/usr/bin/make -f CMakeFiles/cmTC_0a43b.dir/build.make CMakeFiles/cmTC_0a43b.dir/build
make[1]: Entering directory '/home/vaibhav/CppND-Route-Planning-Project/Release/CMakeFiles/CMakeTmp'
Building C object CMakeFiles/cmTC_0a43b.dir/CheckSymbolExists.c.o
/usr/bin/cc    -o CMakeFiles/cmTC_0a43b.dir/CheckSymbolExists.c.o   -c /home/vaibhav/CppND-Route-Planning-Project/Release/CMakeFiles/CMakeTmp/CheckSymbolExists.c
Linking C executable cmTC_0a43b
/usr/local/bin/cmake -E cmake_link_script CMakeFiles/cmTC_0a43b.dir/link.txt --verbose=1
/usr/bin/cc      -rdynamic CMakeFiles/cmTC_0a43b.dir/CheckSymbolExists.c.o  -o cmTC_0a43b 
CMakeFiles/cmTC_0a43b.dir/CheckSymbolExists.c.o: In function `main':
CheckSymbolExists.c:(.text+0x16): undefined reference to `pthread_create'
collect2: error: ld returned 1 exit status
CMakeFiles/cmTC_0a43b.dir/build.make:86: recipe for target 'cmTC_0a43b' failed
make[1]: *** [cmTC_0a43b] Error 1
make[1]: Leaving directory '/home/vaibhav/CppND-Route-Planning-Project/Release/CMakeFiles/CMakeTmp'
Makefile:121: recipe for target 'cmTC_0a43b/fast' failed
make: *** [cmTC_0a43b/fast] Error 2

File /home/vaibhav/CppND-Route-Planning-Project/Release/CMakeFiles/CMakeTmp/CheckSymbolExists.c:
/* */
#include <pthread.h>

int main(int argc, char** argv)
{
  (void)argv;
#ifndef pthread_create
  return ((int*)(&pthread_create))[argc];
#else
  (void)argc;
  return 0;
#endif
}

Determining if the function pthread_create exists in the pthreads failed with the following output:
Change Dir: /home/vaibhav/CppND-Route-Planning-Project/Release/CMakeFiles/CMakeTmp

Run Build Command:"/usr/bin/make" "cmTC_e00f0/fast"
/usr/bin/make -f CMakeFiles/cmTC_e00f0.dir/build.make CMakeFiles/cmTC_e00f0.dir/build
make[1]: Entering directory '/home/vaibhav/CppND-Route-Planning-Project/Release/CMakeFiles/CMakeTmp'
Building C object CMakeFiles/cmTC_e00f0.dir/CheckFunctionExists.c.o
/usr/bin/cc   -DCHECK_FUNCTION_EXISTS=pthread_create   -o CMakeFiles/cmTC_e00f0.dir/CheckFunctionExists.c.o   -c /usr/local/share/cmake-3.13/Modules/CheckFunctionExists.c
Linking C executable cmTC_e00f0
/usr/local/bin/cmake -E cmake_link_script CMakeFiles/cmTC_e00f0.dir/link.txt --verbose=1
/usr/bin/cc  -DCHECK_FUNCTION_EXISTS=pthread_create    -rdynamic CMakeFiles/cmTC_e00f0.dir/CheckFunctionExists.c.o  -o cmTC_e00f0 -lpthreads 
/usr/bin/ld: cannot find -lpthreads
collect2: error: ld returned 1 exit status
CMakeFiles/cmTC_e00f0.dir/build.make:86: recipe for target 'cmTC_e00f0' failed
make[1]: *** [cmTC_e00f0] Error 1
make[1]: Leaving directory '/home/vaibhav/CppND-Route-Planning-Project/Release/CMakeFiles/CMakeTmp'
Makefile:121: recipe for target 'cmTC_e00f0/fast' failed
make: *** [cmTC_e00f0/fast] Error 2


